# JRE version: Java(TM) SE Runtime Environment (17.0.1+12) (build 17.0.1+12-LTS-39)
# Java VM: Java HotSpot(TM) 64-Bit Server VM (17.0.1+12-LTS-39, mixed mode, sharing, tiered, compressed oops, compressed class ptrs, g1 gc, windows-amd64)
GC Precious Log:
 CPUs: 4 total, 4 available
 Memory: 3877M
 Large Page Support: Disabled
 NUMA Support: Disabled
 Compressed Oops: Enabled (32-bit)
 Heap Region Size: 1M
 Heap Min Capacity: 8M
 Heap Initial Capacity: 62M
 Heap Max Capacity: 970M
 Pre-touch: Disabled
 Parallel Workers: 4
 Concurrent Workers: 1
 Concurrent Refinement Workers: 4
 Periodic GC: Disabled
Heap:
 garbage-first heap   total 278528K, used 83389K [0x00000000c3600000, 0x0000000100000000)
  region size 1024K, 6 young (6144K), 6 survivors (6144K)
 Metaspace       used 25186K, committed 25536K, reserved 1073152K
  class space    used 2618K, committed 2816K, reserved 1048576K
GC Heap History (20 events):
Event: 5712.418 GC heap after
{Heap after GC invocations=597 (full 0):
 garbage-first heap   total 375808K, used 98024K [0x00000000c3600000, 0x0000000100000000)
  region size 1024K, 13 young (13312K), 13 survivors (13312K)
 Metaspace       used 25186K, committed 25536K, reserved 1073152K
  class space    used 2618K, committed 2816K, reserved 1048576K
}
Event: 5714.403 GC heap before
{Heap before GC invocations=598 (full 0):
 garbage-first heap   total 375808K, used 232289K [0x00000000c3600000, 0x0000000100000000)
  region size 1024K, 152 young (155648K), 13 survivors (13312K)
 Metaspace       used 25186K, committed 25536K, reserved 1073152K
  class space    used 2618K, committed 2816K, reserved 1048576K
}
Event: 5714.458 GC heap after
{Heap after GC invocations=599 (full 0):
 garbage-first heap   total 375808K, used 105793K [0x00000000c3600000, 0x0000000100000000)
  region size 1024K, 17 young (17408K), 17 survivors (17408K)
 Metaspace       used 25186K, committed 25536K, reserved 1073152K
  class space    used 2618K, committed 2816K, reserved 1048576K
}
Event: 5726.548 GC heap before
{Heap before GC invocations=599 (full 0):
 garbage-first heap   total 375808K, used 106817K [0x00000000c3600000, 0x0000000100000000)
  region size 1024K, 18 young (18432K), 17 survivors (17408K)
 Metaspace       used 25186K, committed 25536K, reserved 1073152K
  class space    used 2618K, committed 2816K, reserved 1048576K
}
Event: 5726.592 GC heap after
{Heap after GC invocations=600 (full 0):
 garbage-first heap   total 375808K, used 101333K [0x00000000c3600000, 0x0000000100000000)
  region size 1024K, 2 young (2048K), 2 survivors (2048K)
 Metaspace       used 25186K, committed 25536K, reserved 1073152K
  class space    used 2618K, committed 2816K, reserved 1048576K
}
Event: 5734.035 GC heap before
{Heap before GC invocations=600 (full 0):
 garbage-first heap   total 375808K, used 103381K [0x00000000c3600000, 0x0000000100000000)
  region size 1024K, 5 young (5120K), 2 survivors (2048K)
 Metaspace       used 25186K, committed 25536K, reserved 1073152K
  class space    used 2618K, committed 2816K, reserved 1048576K
}
Event: 5734.043 GC heap after
{Heap after GC invocations=601 (full 0):
 garbage-first heap   total 375808K, used 100398K [0x00000000c3600000, 0x0000000100000000)
  region size 1024K, 2 young (2048K), 2 survivors (2048K)
 Metaspace       used 25186K, committed 25536K, reserved 1073152K
  class space    used 2618K, committed 2816K, reserved 1048576K
}
Event: 5768.738 GC heap before
{Heap before GC invocations=602 (full 0):
 garbage-first heap   total 249856K, used 220249K [0x00000000c3600000, 0x0000000100000000)
  region size 1024K, 148 young (151552K), 2 survivors (2048K)
 Metaspace       used 25186K, committed 25536K, reserved 1073152K
  class space    used 2618K, committed 2816K, reserved 1048576K
}
Event: 5768.817 GC heap after
{Heap after GC invocations=603 (full 0):
 garbage-first heap   total 249856K, used 69929K [0x00000000c3600000, 0x0000000100000000)
  region size 1024K, 2 young (2048K), 2 survivors (2048K)
 Metaspace       used 25186K, committed 25536K, reserved 1073152K
  class space    used 2618K, committed 2816K, reserved 1048576K
}
Event: 5768.936 GC heap before
{Heap before GC invocations=603 (full 0):
 garbage-first heap   total 249856K, used 80169K [0x00000000c3600000, 0x0000000100000000)
  region size 1024K, 12 young (12288K), 2 survivors (2048K)
 Metaspace       used 25186K, committed 25536K, reserved 1073152K
  class space    used 2618K, committed 2816K, reserved 1048576K
}
Event: 5768.952 GC heap after
{Heap after GC invocations=604 (full 0):
 garbage-first heap   total 249856K, used 64846K [0x00000000c3600000, 0x0000000100000000)
  region size 1024K, 2 young (2048K), 2 survivors (2048K)
 Metaspace       used 25186K, committed 25536K, reserved 1073152K
  class space    used 2618K, committed 2816K, reserved 1048576K
}
Event: 5769.664 GC heap before
{Heap before GC invocations=604 (full 0):
 garbage-first heap   total 249856K, used 187726K [0x00000000c3600000, 0x0000000100000000)
  region size 1024K, 122 young (124928K), 2 survivors (2048K)
 Metaspace       used 25186K, committed 25536K, reserved 1073152K
  class space    used 2618K, committed 2816K, reserved 1048576K
}
Event: 5769.718 GC heap after
{Heap after GC invocations=605 (full 0):
 garbage-first heap   total 249856K, used 74986K [0x00000000c3600000, 0x0000000100000000)
  region size 1024K, 12 young (12288K), 12 survivors (12288K)
 Metaspace       used 25186K, committed 25536K, reserved 1073152K
  class space    used 2618K, committed 2816K, reserved 1048576K
}
Event: 5807.291 GC heap before
{Heap before GC invocations=606 (full 0):
 garbage-first heap   total 249856K, used 186602K [0x00000000c3600000, 0x0000000100000000)
  region size 1024K, 124 young (126976K), 12 survivors (12288K)
 Metaspace       used 25186K, committed 25536K, reserved 1073152K
  class space    used 2618K, committed 2816K, reserved 1048576K
}
Event: 5808.095 GC heap after
{Heap after GC invocations=607 (full 0):
 garbage-first heap   total 249856K, used 81400K [0x00000000c3600000, 0x0000000100000000)
  region size 1024K, 10 young (10240K), 10 survivors (10240K)
 Metaspace       used 25186K, committed 25536K, reserved 1073152K
  class space    used 2618K, committed 2816K, reserved 1048576K
}
Event: 5808.098 GC heap before
{Heap before GC invocations=607 (full 0):
 garbage-first heap   total 249856K, used 82424K [0x00000000c3600000, 0x0000000100000000)
  region size 1024K, 12 young (12288K), 10 survivors (10240K)
 Metaspace       used 25186K, committed 25536K, reserved 1073152K
  class space    used 2618K, committed 2816K, reserved 1048576K
}
Event: 5808.128 GC heap after
{Heap after GC invocations=608 (full 0):
 garbage-first heap   total 249856K, used 79718K [0x00000000c3600000, 0x0000000100000000)
  region size 1024K, 1 young (1024K), 1 survivors (1024K)
 Metaspace       used 25186K, committed 25536K, reserved 1073152K
  class space    used 2618K, committed 2816K, reserved 1048576K
}
Event: 5831.994 GC heap before
{Heap before GC invocations=608 (full 0):
 garbage-first heap   total 249856K, used 116582K [0x00000000c3600000, 0x0000000100000000)
  region size 1024K, 38 young (38912K), 1 survivors (1024K)
 Metaspace       used 25186K, committed 25536K, reserved 1073152K
  class space    used 2618K, committed 2816K, reserved 1048576K
}
Event: 5832.064 GC heap after
{Heap after GC invocations=609 (full 0):
 garbage-first heap   total 249856K, used 91039K [0x00000000c3600000, 0x0000000100000000)
  region size 1024K, 12 young (12288K), 12 survivors (12288K)
 Metaspace       used 25186K, committed 25536K, reserved 1073152K
  class space    used 2618K, committed 2816K, reserved 1048576K
}
Event: 5832.526 GC heap before
{Heap before GC invocations=609 (full 0):
 garbage-first heap   total 278528K, used 179103K [0x00000000c3600000, 0x0000000100000000)
  region size 1024K, 110 young (112640K), 12 survivors (12288K)
 Metaspace       used 25186K, committed 25536K, reserved 1073152K
  class space    used 2618K, committed 2816K, reserved 1048576K
}

