# JRE version: Java(TM) SE Runtime Environment (17.0.1+12) (build 17.0.1+12-LTS-39)
# Java VM: Java HotSpot(TM) 64-Bit Server VM (17.0.1+12-LTS-39, mixed mode, sharing, tiered, compressed oops, compressed class ptrs, g1 gc, windows-amd64)
GC Precious Log:
 CPUs: 4 total, 4 available
 Memory: 3877M
 Large Page Support: Disabled
 NUMA Support: Disabled
 Compressed Oops: Enabled (32-bit)
 Heap Region Size: 1M
 Heap Min Capacity: 8M
 Heap Initial Capacity: 62M
 Heap Max Capacity: 970M
 Pre-touch: Disabled
 Parallel Workers: 4
 Concurrent Workers: 1
 Concurrent Refinement Workers: 4
 Periodic GC: Disabled
Heap:
 garbage-first heap   total 495616K, used 182272K [0x00000000c3600000, 0x0000000100000000)
  region size 1024K, 25 young (25600K), 25 survivors (25600K)
 Metaspace       used 27265K, committed 27584K, reserved 1073152K
  class space    used 2974K, committed 3136K, reserved 1048576K
GC Heap History (20 events):
Event: 2043.003 GC heap after
{Heap after GC invocations=283 (full 0):
 garbage-first heap   total 536576K, used 151552K [0x00000000c3600000, 0x0000000100000000)
  region size 1024K, 4 young (4096K), 4 survivors (4096K)
 Metaspace       used 27246K, committed 27584K, reserved 1073152K
  class space    used 2974K, committed 3136K, reserved 1048576K
}
Event: 2043.020 GC heap before
{Heap before GC invocations=283 (full 0):
 garbage-first heap   total 536576K, used 182272K [0x00000000c3600000, 0x0000000100000000)
  region size 1024K, 34 young (34816K), 4 survivors (4096K)
 Metaspace       used 27246K, committed 27584K, reserved 1073152K
  class space    used 2974K, committed 3136K, reserved 1048576K
}
Event: 2043.039 GC heap after
{Heap after GC invocations=284 (full 0):
 garbage-first heap   total 536576K, used 153354K [0x00000000c3600000, 0x0000000100000000)
  region size 1024K, 1 young (1024K), 1 survivors (1024K)
 Metaspace       used 27246K, committed 27584K, reserved 1073152K
  class space    used 2974K, committed 3136K, reserved 1048576K
}
Event: 2043.756 GC heap before
{Heap before GC invocations=285 (full 0):
 garbage-first heap   total 536576K, used 297738K [0x00000000c3600000, 0x0000000100000000)
  region size 1024K, 179 young (183296K), 1 survivors (1024K)
 Metaspace       used 27246K, committed 27584K, reserved 1073152K
  class space    used 2974K, committed 3136K, reserved 1048576K
}
Event: 2043.772 GC heap after
{Heap after GC invocations=286 (full 0):
 garbage-first heap   total 536576K, used 118096K [0x00000000c3600000, 0x0000000100000000)
  region size 1024K, 4 young (4096K), 4 survivors (4096K)
 Metaspace       used 27246K, committed 27584K, reserved 1073152K
  class space    used 2974K, committed 3136K, reserved 1048576K
}
Event: 2043.790 GC heap before
{Heap before GC invocations=286 (full 0):
 garbage-first heap   total 536576K, used 140624K [0x00000000c3600000, 0x0000000100000000)
  region size 1024K, 26 young (26624K), 4 survivors (4096K)
 Metaspace       used 27246K, committed 27584K, reserved 1073152K
  class space    used 2974K, committed 3136K, reserved 1048576K
}
Event: 2043.804 GC heap after
{Heap after GC invocations=287 (full 0):
 garbage-first heap   total 536576K, used 113816K [0x00000000c3600000, 0x0000000100000000)
  region size 1024K, 1 young (1024K), 1 survivors (1024K)
 Metaspace       used 27246K, committed 27584K, reserved 1073152K
  class space    used 2974K, committed 3136K, reserved 1048576K
}
Event: 2061.526 GC heap before
{Heap before GC invocations=287 (full 0):
 garbage-first heap   total 536576K, used 211096K [0x00000000c3600000, 0x0000000100000000)
  region size 1024K, 98 young (100352K), 1 survivors (1024K)
 Metaspace       used 27246K, committed 27584K, reserved 1073152K
  class space    used 2974K, committed 3136K, reserved 1048576K
}
Event: 2061.584 GC heap after
{Heap after GC invocations=288 (full 0):
 garbage-first heap   total 536576K, used 143630K [0x00000000c3600000, 0x0000000100000000)
  region size 1024K, 16 young (16384K), 16 survivors (16384K)
 Metaspace       used 27246K, committed 27584K, reserved 1073152K
  class space    used 2974K, committed 3136K, reserved 1048576K
}
Event: 2062.129 GC heap before
{Heap before GC invocations=289 (full 0):
 garbage-first heap   total 542720K, used 347406K [0x00000000c3600000, 0x0000000100000000)
  region size 1024K, 223 young (228352K), 16 survivors (16384K)
 Metaspace       used 27246K, committed 27584K, reserved 1073152K
  class space    used 2974K, committed 3136K, reserved 1048576K
}
Event: 2062.200 GC heap after
{Heap after GC invocations=290 (full 0):
 garbage-first heap   total 542720K, used 147417K [0x00000000c3600000, 0x0000000100000000)
  region size 1024K, 13 young (13312K), 13 survivors (13312K)
 Metaspace       used 27246K, committed 27584K, reserved 1073152K
  class space    used 2974K, committed 3136K, reserved 1048576K
}
Event: 2062.204 GC heap before
{Heap before GC invocations=290 (full 0):
 garbage-first heap   total 542720K, used 160729K [0x00000000c3600000, 0x0000000100000000)
  region size 1024K, 26 young (26624K), 13 survivors (13312K)
 Metaspace       used 27246K, committed 27584K, reserved 1073152K
  class space    used 2974K, committed 3136K, reserved 1048576K
}
Event: 2062.234 GC heap after
{Heap after GC invocations=291 (full 0):
 garbage-first heap   total 542720K, used 145920K [0x00000000c3600000, 0x0000000100000000)
  region size 1024K, 2 young (2048K), 2 survivors (2048K)
 Metaspace       used 27246K, committed 27584K, reserved 1073152K
  class space    used 2974K, committed 3136K, reserved 1048576K
}
Event: 2082.556 GC heap before
{Heap before GC invocations=291 (full 0):
 garbage-first heap   total 542720K, used 276992K [0x00000000c3600000, 0x0000000100000000)
  region size 1024K, 132 young (135168K), 2 survivors (2048K)
 Metaspace       used 27265K, committed 27584K, reserved 1073152K
  class space    used 2974K, committed 3136K, reserved 1048576K
}
Event: 2082.861 GC heap after
{Heap after GC invocations=292 (full 0):
 garbage-first heap   total 542720K, used 175104K [0x00000000c3600000, 0x0000000100000000)
  region size 1024K, 26 young (26624K), 26 survivors (26624K)
 Metaspace       used 27265K, committed 27584K, reserved 1073152K
  class space    used 2974K, committed 3136K, reserved 1048576K
}
Event: 2089.183 GC heap before
{Heap before GC invocations=293 (full 0):
 garbage-first heap   total 495616K, used 351232K [0x00000000c3600000, 0x0000000100000000)
  region size 1024K, 229 young (234496K), 26 survivors (26624K)
 Metaspace       used 27265K, committed 27584K, reserved 1073152K
  class space    used 2974K, committed 3136K, reserved 1048576K
}
Event: 2089.310 GC heap after
{Heap after GC invocations=294 (full 0):
 garbage-first heap   total 495616K, used 154518K [0x00000000c3600000, 0x0000000100000000)
  region size 1024K, 12 young (12288K), 12 survivors (12288K)
 Metaspace       used 27265K, committed 27584K, reserved 1073152K
  class space    used 2974K, committed 3136K, reserved 1048576K
}
Event: 2089.317 GC heap before
{Heap before GC invocations=294 (full 0):
 garbage-first heap   total 495616K, used 165782K [0x00000000c3600000, 0x0000000100000000)
  region size 1024K, 24 young (24576K), 12 survivors (12288K)
 Metaspace       used 27265K, committed 27584K, reserved 1073152K
  class space    used 2974K, committed 3136K, reserved 1048576K
}
Event: 2089.344 GC heap after
{Heap after GC invocations=295 (full 0):
 garbage-first heap   total 495616K, used 152576K [0x00000000c3600000, 0x0000000100000000)
  region size 1024K, 2 young (2048K), 2 survivors (2048K)
 Metaspace       used 27265K, committed 27584K, reserved 1073152K
  class space    used 2974K, committed 3136K, reserved 1048576K
}
Event: 2108.210 GC heap before
{Heap before GC invocations=295 (full 0):
 garbage-first heap   total 495616K, used 282624K [0x00000000c3600000, 0x0000000100000000)
  region size 1024K, 131 young (134144K), 2 survivors (2048K)
 Metaspace       used 27265K, committed 27584K, reserved 1073152K
  class space    used 2974K, committed 3136K, reserved 1048576K
}

