# JRE version: Java(TM) SE Runtime Environment (17.0.1+12) (build 17.0.1+12-LTS-39)
# Java VM: Java HotSpot(TM) 64-Bit Server VM (17.0.1+12-LTS-39, mixed mode, sharing, tiered, compressed oops, compressed class ptrs, g1 gc, windows-amd64)
GC Precious Log:
 CPUs: 4 total, 4 available
 Memory: 3877M
 Large Page Support: Disabled
 NUMA Support: Disabled
 Compressed Oops: Enabled (32-bit)
 Heap Region Size: 1M
 Heap Min Capacity: 8M
 Heap Initial Capacity: 62M
 Heap Max Capacity: 970M
 Pre-touch: Disabled
 Parallel Workers: 4
 Concurrent Workers: 1
 Concurrent Refinement Workers: 4
 Periodic GC: Disabled
Heap:
 garbage-first heap   total 573440K, used 326784K [0x00000000c3600000, 0x0000000100000000)
  region size 1024K, 10 young (10240K), 10 survivors (10240K)
 Metaspace       used 23238K, committed 23552K, reserved 1073152K
  class space    used 2655K, committed 2816K, reserved 1048576K
GC Heap History (20 events):
Event: 44.323 GC heap after
{Heap after GC invocations=45 (full 0):
 garbage-first heap   total 501760K, used 312832K [0x00000000c3600000, 0x0000000100000000)
  region size 1024K, 5 young (5120K), 5 survivors (5120K)
 Metaspace       used 23062K, committed 23424K, reserved 1073152K
  class space    used 2655K, committed 2816K, reserved 1048576K
}
Event: 44.484 GC heap before
{Heap before GC invocations=45 (full 0):
 garbage-first heap   total 501760K, used 406016K [0x00000000c3600000, 0x0000000100000000)
  region size 1024K, 96 young (98304K), 5 survivors (5120K)
 Metaspace       used 23062K, committed 23424K, reserved 1073152K
  class space    used 2655K, committed 2816K, reserved 1048576K
}
Event: 44.492 GC heap after
{Heap after GC invocations=46 (full 0):
 garbage-first heap   total 501760K, used 314455K [0x00000000c3600000, 0x0000000100000000)
  region size 1024K, 7 young (7168K), 7 survivors (7168K)
 Metaspace       used 23062K, committed 23424K, reserved 1073152K
  class space    used 2655K, committed 2816K, reserved 1048576K
}
Event: 44.870 GC heap before
{Heap before GC invocations=46 (full 0):
 garbage-first heap   total 573440K, used 412759K [0x00000000c3600000, 0x0000000100000000)
  region size 1024K, 102 young (104448K), 7 survivors (7168K)
 Metaspace       used 23062K, committed 23424K, reserved 1073152K
  class space    used 2655K, committed 2816K, reserved 1048576K
}
Event: 44.879 GC heap after
{Heap after GC invocations=47 (full 0):
 garbage-first heap   total 573440K, used 316700K [0x00000000c3600000, 0x0000000100000000)
  region size 1024K, 8 young (8192K), 8 survivors (8192K)
 Metaspace       used 23062K, committed 23424K, reserved 1073152K
  class space    used 2655K, committed 2816K, reserved 1048576K
}
Event: 45.091 GC heap before
{Heap before GC invocations=48 (full 0):
 garbage-first heap   total 573440K, used 455964K [0x00000000c3600000, 0x0000000100000000)
  region size 1024K, 144 young (147456K), 8 survivors (8192K)
 Metaspace       used 23062K, committed 23424K, reserved 1073152K
  class space    used 2655K, committed 2816K, reserved 1048576K
}
Event: 45.098 GC heap after
{Heap after GC invocations=49 (full 0):
 garbage-first heap   total 573440K, used 318882K [0x00000000c3600000, 0x0000000100000000)
  region size 1024K, 10 young (10240K), 10 survivors (10240K)
 Metaspace       used 23062K, committed 23424K, reserved 1073152K
  class space    used 2655K, committed 2816K, reserved 1048576K
}
Event: 45.114 GC heap before
{Heap before GC invocations=49 (full 0):
 garbage-first heap   total 573440K, used 337314K [0x00000000c3600000, 0x0000000100000000)
  region size 1024K, 28 young (28672K), 10 survivors (10240K)
 Metaspace       used 23062K, committed 23424K, reserved 1073152K
  class space    used 2655K, committed 2816K, reserved 1048576K
}
Event: 45.158 GC heap after
{Heap after GC invocations=50 (full 0):
 garbage-first heap   total 573440K, used 318484K [0x00000000c3600000, 0x0000000100000000)
  region size 1024K, 3 young (3072K), 3 survivors (3072K)
 Metaspace       used 23062K, committed 23424K, reserved 1073152K
  class space    used 2655K, committed 2816K, reserved 1048576K
}
Event: 46.020 GC heap before
{Heap before GC invocations=50 (full 0):
 garbage-first heap   total 573440K, used 464916K [0x00000000c3600000, 0x0000000100000000)
  region size 1024K, 146 young (149504K), 3 survivors (3072K)
 Metaspace       used 23135K, committed 23424K, reserved 1073152K
  class space    used 2655K, committed 2816K, reserved 1048576K
}
Event: 46.094 GC heap after
{Heap after GC invocations=51 (full 0):
 garbage-first heap   total 573440K, used 362349K [0x00000000c3600000, 0x0000000100000000)
  region size 1024K, 19 young (19456K), 19 survivors (19456K)
 Metaspace       used 23135K, committed 23424K, reserved 1073152K
  class space    used 2655K, committed 2816K, reserved 1048576K
}
Event: 69.806 GC heap before
{Heap before GC invocations=52 (full 0):
 garbage-first heap   total 573440K, used 363373K [0x00000000c3600000, 0x0000000100000000)
  region size 1024K, 111 young (113664K), 19 survivors (19456K)
 Metaspace       used 23238K, committed 23552K, reserved 1073152K
  class space    used 2655K, committed 2816K, reserved 1048576K
}
Event: 70.068 GC heap after
{Heap after GC invocations=53 (full 0):
 garbage-first heap   total 573440K, used 314368K [0x00000000c3600000, 0x0000000100000000)
  region size 1024K, 14 young (14336K), 14 survivors (14336K)
 Metaspace       used 23238K, committed 23552K, reserved 1073152K
  class space    used 2655K, committed 2816K, reserved 1048576K
}
Event: 70.142 GC heap before
{Heap before GC invocations=53 (full 0):
 garbage-first heap   total 573440K, used 327680K [0x00000000c3600000, 0x0000000100000000)
  region size 1024K, 28 young (28672K), 14 survivors (14336K)
 Metaspace       used 23238K, committed 23552K, reserved 1073152K
  class space    used 2655K, committed 2816K, reserved 1048576K
}
Event: 70.211 GC heap after
{Heap after GC invocations=54 (full 0):
 garbage-first heap   total 573440K, used 321024K [0x00000000c3600000, 0x0000000100000000)
  region size 1024K, 4 young (4096K), 4 survivors (4096K)
 Metaspace       used 23238K, committed 23552K, reserved 1073152K
  class space    used 2655K, committed 2816K, reserved 1048576K
}
Event: 70.456 GC heap before
{Heap before GC invocations=54 (full 0):
 garbage-first heap   total 573440K, used 407040K [0x00000000c3600000, 0x0000000100000000)
  region size 1024K, 88 young (90112K), 4 survivors (4096K)
 Metaspace       used 23238K, committed 23552K, reserved 1073152K
  class space    used 2655K, committed 2816K, reserved 1048576K
}
Event: 70.470 GC heap after
{Heap after GC invocations=55 (full 0):
 garbage-first heap   total 573440K, used 322997K [0x00000000c3600000, 0x0000000100000000)
  region size 1024K, 6 young (6144K), 6 survivors (6144K)
 Metaspace       used 23238K, committed 23552K, reserved 1073152K
  class space    used 2655K, committed 2816K, reserved 1048576K
}
Event: 70.689 GC heap before
{Heap before GC invocations=55 (full 0):
 garbage-first heap   total 573440K, used 433589K [0x00000000c3600000, 0x0000000100000000)
  region size 1024K, 114 young (116736K), 6 survivors (6144K)
 Metaspace       used 23238K, committed 23552K, reserved 1073152K
  class space    used 2655K, committed 2816K, reserved 1048576K
}
Event: 70.711 GC heap after
{Heap after GC invocations=56 (full 0):
 garbage-first heap   total 573440K, used 324370K [0x00000000c3600000, 0x0000000100000000)
  region size 1024K, 8 young (8192K), 8 survivors (8192K)
 Metaspace       used 23238K, committed 23552K, reserved 1073152K
  class space    used 2655K, committed 2816K, reserved 1048576K
}
Event: 70.872 GC heap before
{Heap before GC invocations=56 (full 0):
 garbage-first heap   total 573440K, used 446226K [0x00000000c3600000, 0x0000000100000000)
  region size 1024K, 127 young (130048K), 8 survivors (8192K)
 Metaspace       used 23238K, committed 23552K, reserved 1073152K
  class space    used 2655K, committed 2816K, reserved 1048576K
}

