# JRE version: Java(TM) SE Runtime Environment (17.0.1+12) (build 17.0.1+12-LTS-39)
# Java VM: Java HotSpot(TM) 64-Bit Server VM (17.0.1+12-LTS-39, mixed mode, sharing, tiered, compressed oops, compressed class ptrs, g1 gc, windows-amd64)
GC Precious Log:
 CPUs: 4 total, 4 available
 Memory: 3877M
 Large Page Support: Disabled
 NUMA Support: Disabled
 Compressed Oops: Enabled (32-bit)
 Heap Region Size: 1M
 Heap Min Capacity: 8M
 Heap Initial Capacity: 62M
 Heap Max Capacity: 970M
 Pre-touch: Disabled
 Parallel Workers: 4
 Concurrent Workers: 1
 Concurrent Refinement Workers: 4
 Periodic GC: Disabled
Heap:
 garbage-first heap   total 561152K, used 312774K [0x00000000c3600000, 0x0000000100000000)
  region size 1024K, 20 young (20480K), 18 survivors (18432K)
 Metaspace       used 22971K, committed 23232K, reserved 1073152K
  class space    used 2608K, committed 2752K, reserved 1048576K
GC Heap History (20 events):
Event: 60.368 GC heap before
{Heap before GC invocations=33 (full 0):
 garbage-first heap   total 561152K, used 260096K [0x00000000c3600000, 0x0000000100000000)
  region size 1024K, 27 young (27648K), 3 survivors (3072K)
 Metaspace       used 22706K, committed 22976K, reserved 1073152K
  class space    used 2607K, committed 2752K, reserved 1048576K
}
Event: 60.382 GC heap after
{Heap after GC invocations=34 (full 0):
 garbage-first heap   total 561152K, used 237366K [0x00000000c3600000, 0x0000000100000000)
  region size 1024K, 1 young (1024K), 1 survivors (1024K)
 Metaspace       used 22706K, committed 22976K, reserved 1073152K
  class space    used 2607K, committed 2752K, reserved 1048576K
}
Event: 60.663 GC heap before
{Heap before GC invocations=34 (full 0):
 garbage-first heap   total 561152K, used 282422K [0x00000000c3600000, 0x0000000100000000)
  region size 1024K, 45 young (46080K), 1 survivors (1024K)
 Metaspace       used 22706K, committed 22976K, reserved 1073152K
  class space    used 2607K, committed 2752K, reserved 1048576K
}
Event: 60.666 GC heap after
{Heap after GC invocations=35 (full 0):
 garbage-first heap   total 561152K, used 237730K [0x00000000c3600000, 0x0000000100000000)
  region size 1024K, 2 young (2048K), 2 survivors (2048K)
 Metaspace       used 22706K, committed 22976K, reserved 1073152K
  class space    used 2607K, committed 2752K, reserved 1048576K
}
Event: 61.336 GC heap before
{Heap before GC invocations=35 (full 0):
 garbage-first heap   total 561152K, used 356514K [0x00000000c3600000, 0x0000000100000000)
  region size 1024K, 118 young (120832K), 2 survivors (2048K)
 Metaspace       used 22706K, committed 22976K, reserved 1073152K
  class space    used 2607K, committed 2752K, reserved 1048576K
}
Event: 61.511 GC heap after
{Heap after GC invocations=36 (full 0):
 garbage-first heap   total 561152K, used 239558K [0x00000000c3600000, 0x0000000100000000)
  region size 1024K, 3 young (3072K), 3 survivors (3072K)
 Metaspace       used 22706K, committed 22976K, reserved 1073152K
  class space    used 2607K, committed 2752K, reserved 1048576K
}
Event: 61.757 GC heap before
{Heap before GC invocations=36 (full 0):
 garbage-first heap   total 561152K, used 264134K [0x00000000c3600000, 0x0000000100000000)
  region size 1024K, 27 young (27648K), 3 survivors (3072K)
 Metaspace       used 22706K, committed 22976K, reserved 1073152K
  class space    used 2607K, committed 2752K, reserved 1048576K
}
Event: 61.762 GC heap after
{Heap after GC invocations=37 (full 0):
 garbage-first heap   total 561152K, used 240075K [0x00000000c3600000, 0x0000000100000000)
  region size 1024K, 3 young (3072K), 3 survivors (3072K)
 Metaspace       used 22706K, committed 22976K, reserved 1073152K
  class space    used 2607K, committed 2752K, reserved 1048576K
}
Event: 61.826 GC heap before
{Heap before GC invocations=37 (full 0):
 garbage-first heap   total 561152K, used 264651K [0x00000000c3600000, 0x0000000100000000)
  region size 1024K, 27 young (27648K), 3 survivors (3072K)
 Metaspace       used 22706K, committed 22976K, reserved 1073152K
  class space    used 2607K, committed 2752K, reserved 1048576K
}
Event: 61.829 GC heap after
{Heap after GC invocations=38 (full 0):
 garbage-first heap   total 561152K, used 240505K [0x00000000c3600000, 0x0000000100000000)
  region size 1024K, 1 young (1024K), 1 survivors (1024K)
 Metaspace       used 22706K, committed 22976K, reserved 1073152K
  class space    used 2607K, committed 2752K, reserved 1048576K
}
Event: 62.043 GC heap before
{Heap before GC invocations=38 (full 0):
 garbage-first heap   total 561152K, used 267129K [0x00000000c3600000, 0x0000000100000000)
  region size 1024K, 27 young (27648K), 1 survivors (1024K)
 Metaspace       used 22706K, committed 22976K, reserved 1073152K
  class space    used 2607K, committed 2752K, reserved 1048576K
}
Event: 62.048 GC heap after
{Heap after GC invocations=39 (full 0):
 garbage-first heap   total 561152K, used 241007K [0x00000000c3600000, 0x0000000100000000)
  region size 1024K, 2 young (2048K), 2 survivors (2048K)
 Metaspace       used 22706K, committed 22976K, reserved 1073152K
  class space    used 2607K, committed 2752K, reserved 1048576K
}
Event: 62.121 GC heap before
{Heap before GC invocations=39 (full 0):
 garbage-first heap   total 561152K, used 266607K [0x00000000c3600000, 0x0000000100000000)
  region size 1024K, 27 young (27648K), 2 survivors (2048K)
 Metaspace       used 22706K, committed 22976K, reserved 1073152K
  class space    used 2607K, committed 2752K, reserved 1048576K
}
Event: 62.160 GC heap after
{Heap after GC invocations=40 (full 0):
 garbage-first heap   total 561152K, used 241484K [0x00000000c3600000, 0x0000000100000000)
  region size 1024K, 2 young (2048K), 2 survivors (2048K)
 Metaspace       used 22706K, committed 22976K, reserved 1073152K
  class space    used 2607K, committed 2752K, reserved 1048576K
}
Event: 62.907 GC heap before
{Heap before GC invocations=40 (full 0):
 garbage-first heap   total 561152K, used 360268K [0x00000000c3600000, 0x0000000100000000)
  region size 1024K, 118 young (120832K), 2 survivors (2048K)
 Metaspace       used 22707K, committed 22976K, reserved 1073152K
  class space    used 2607K, committed 2752K, reserved 1048576K
}
Event: 62.914 GC heap after
{Heap after GC invocations=41 (full 0):
 garbage-first heap   total 561152K, used 243246K [0x00000000c3600000, 0x0000000100000000)
  region size 1024K, 4 young (4096K), 4 survivors (4096K)
 Metaspace       used 22707K, committed 22976K, reserved 1073152K
  class space    used 2607K, committed 2752K, reserved 1048576K
}
Event: 63.653 GC heap before
{Heap before GC invocations=41 (full 0):
 garbage-first heap   total 561152K, used 382510K [0x00000000c3600000, 0x0000000100000000)
  region size 1024K, 140 young (143360K), 4 survivors (4096K)
 Metaspace       used 22715K, committed 23040K, reserved 1073152K
  class space    used 2607K, committed 2752K, reserved 1048576K
}
Event: 63.665 GC heap after
{Heap after GC invocations=42 (full 0):
 garbage-first heap   total 561152K, used 246804K [0x00000000c3600000, 0x0000000100000000)
  region size 1024K, 7 young (7168K), 7 survivors (7168K)
 Metaspace       used 22715K, committed 23040K, reserved 1073152K
  class space    used 2607K, committed 2752K, reserved 1048576K
}
Event: 106.086 GC heap before
{Heap before GC invocations=43 (full 0):
 garbage-first heap   total 561152K, used 391188K [0x00000000c3600000, 0x0000000100000000)
  region size 1024K, 141 young (144384K), 7 survivors (7168K)
 Metaspace       used 22967K, committed 23232K, reserved 1073152K
  class space    used 2608K, committed 2752K, reserved 1048576K
}
Event: 106.851 GC heap after
{Heap after GC invocations=44 (full 0):
 garbage-first heap   total 561152K, used 311750K [0x00000000c3600000, 0x0000000100000000)
  region size 1024K, 18 young (18432K), 18 survivors (18432K)
 Metaspace       used 22967K, committed 23232K, reserved 1073152K
  class space    used 2608K, committed 2752K, reserved 1048576K
}

