# JRE version: Java(TM) SE Runtime Environment (17.0.1+12) (build 17.0.1+12-LTS-39)
# Java VM: Java HotSpot(TM) 64-Bit Server VM (17.0.1+12-LTS-39, mixed mode, sharing, tiered, compressed oops, compressed class ptrs, g1 gc, windows-amd64)
GC Precious Log:
 CPUs: 4 total, 4 available
 Memory: 3877M
 Large Page Support: Disabled
 NUMA Support: Disabled
 Compressed Oops: Enabled (32-bit)
 Heap Region Size: 1M
 Heap Min Capacity: 8M
 Heap Initial Capacity: 62M
 Heap Max Capacity: 970M
 Pre-touch: Disabled
 Parallel Workers: 4
 Concurrent Workers: 1
 Concurrent Refinement Workers: 4
 Periodic GC: Disabled
Heap:
 garbage-first heap   total 491520K, used 350248K [0x00000000c3600000, 0x0000000100000000)
  region size 1024K, 40 young (40960K), 9 survivors (9216K)
 Metaspace       used 23080K, committed 23424K, reserved 1073152K
  class space    used 2658K, committed 2816K, reserved 1048576K
GC Heap History (20 events):
Event: 45.674 GC heap before
{Heap before GC invocations=33 (full 0):
 garbage-first heap   total 491520K, used 300828K [0x00000000c3600000, 0x0000000100000000)
  region size 1024K, 77 young (78848K), 25 survivors (25600K)
 Metaspace       used 23035K, committed 23360K, reserved 1073152K
  class space    used 2658K, committed 2816K, reserved 1048576K
}
Event: 45.872 GC heap after
{Heap after GC invocations=34 (full 0):
 garbage-first heap   total 491520K, used 274432K [0x00000000c3600000, 0x0000000100000000)
  region size 1024K, 18 young (18432K), 18 survivors (18432K)
 Metaspace       used 23035K, committed 23360K, reserved 1073152K
  class space    used 2658K, committed 2816K, reserved 1048576K
}
Event: 47.815 GC heap before
{Heap before GC invocations=34 (full 0):
 garbage-first heap   total 491520K, used 376832K [0x00000000c3600000, 0x0000000100000000)
  region size 1024K, 107 young (109568K), 18 survivors (18432K)
 Metaspace       used 23076K, committed 23424K, reserved 1073152K
  class space    used 2658K, committed 2816K, reserved 1048576K
}
Event: 47.899 GC heap after
{Heap after GC invocations=35 (full 0):
 garbage-first heap   total 491520K, used 306880K [0x00000000c3600000, 0x0000000100000000)
  region size 1024K, 14 young (14336K), 14 survivors (14336K)
 Metaspace       used 23076K, committed 23424K, reserved 1073152K
  class space    used 2658K, committed 2816K, reserved 1048576K
}
Event: 47.996 GC heap before
{Heap before GC invocations=35 (full 0):
 garbage-first heap   total 491520K, used 380608K [0x00000000c3600000, 0x0000000100000000)
  region size 1024K, 86 young (88064K), 14 survivors (14336K)
 Metaspace       used 23076K, committed 23424K, reserved 1073152K
  class space    used 2658K, committed 2816K, reserved 1048576K
}
Event: 48.107 GC heap after
{Heap after GC invocations=36 (full 0):
 garbage-first heap   total 491520K, used 310784K [0x00000000c3600000, 0x0000000100000000)
  region size 1024K, 3 young (3072K), 3 survivors (3072K)
 Metaspace       used 23076K, committed 23424K, reserved 1073152K
  class space    used 2658K, committed 2816K, reserved 1048576K
}
Event: 48.194 GC heap before
{Heap before GC invocations=36 (full 0):
 garbage-first heap   total 491520K, used 387584K [0x00000000c3600000, 0x0000000100000000)
  region size 1024K, 78 young (79872K), 3 survivors (3072K)
 Metaspace       used 23076K, committed 23424K, reserved 1073152K
  class space    used 2658K, committed 2816K, reserved 1048576K
}
Event: 48.197 GC heap after
{Heap after GC invocations=37 (full 0):
 garbage-first heap   total 491520K, used 310689K [0x00000000c3600000, 0x0000000100000000)
  region size 1024K, 3 young (3072K), 3 survivors (3072K)
 Metaspace       used 23076K, committed 23424K, reserved 1073152K
  class space    used 2658K, committed 2816K, reserved 1048576K
}
Event: 48.258 GC heap before
{Heap before GC invocations=37 (full 0):
 garbage-first heap   total 491520K, used 391585K [0x00000000c3600000, 0x0000000100000000)
  region size 1024K, 82 young (83968K), 3 survivors (3072K)
 Metaspace       used 23076K, committed 23424K, reserved 1073152K
  class space    used 2658K, committed 2816K, reserved 1048576K
}
Event: 48.261 GC heap after
{Heap after GC invocations=38 (full 0):
 garbage-first heap   total 491520K, used 311627K [0x00000000c3600000, 0x0000000100000000)
  region size 1024K, 4 young (4096K), 4 survivors (4096K)
 Metaspace       used 23076K, committed 23424K, reserved 1073152K
  class space    used 2658K, committed 2816K, reserved 1048576K
}
Event: 48.353 GC heap before
{Heap before GC invocations=38 (full 0):
 garbage-first heap   total 491520K, used 396619K [0x00000000c3600000, 0x0000000100000000)
  region size 1024K, 87 young (89088K), 4 survivors (4096K)
 Metaspace       used 23076K, committed 23424K, reserved 1073152K
  class space    used 2658K, committed 2816K, reserved 1048576K
}
Event: 48.356 GC heap after
{Heap after GC invocations=39 (full 0):
 garbage-first heap   total 491520K, used 312990K [0x00000000c3600000, 0x0000000100000000)
  region size 1024K, 6 young (6144K), 6 survivors (6144K)
 Metaspace       used 23076K, committed 23424K, reserved 1073152K
  class space    used 2658K, committed 2816K, reserved 1048576K
}
Event: 48.747 GC heap before
{Heap before GC invocations=39 (full 0):
 garbage-first heap   total 491520K, used 402078K [0x00000000c3600000, 0x0000000100000000)
  region size 1024K, 93 young (95232K), 6 survivors (6144K)
 Metaspace       used 23076K, committed 23424K, reserved 1073152K
  class space    used 2658K, committed 2816K, reserved 1048576K
}
Event: 48.757 GC heap after
{Heap after GC invocations=40 (full 0):
 garbage-first heap   total 491520K, used 314481K [0x00000000c3600000, 0x0000000100000000)
  region size 1024K, 7 young (7168K), 7 survivors (7168K)
 Metaspace       used 23076K, committed 23424K, reserved 1073152K
  class space    used 2658K, committed 2816K, reserved 1048576K
}
Event: 49.022 GC heap before
{Heap before GC invocations=40 (full 0):
 garbage-first heap   total 491520K, used 407665K [0x00000000c3600000, 0x0000000100000000)
  region size 1024K, 97 young (99328K), 7 survivors (7168K)
 Metaspace       used 23076K, committed 23424K, reserved 1073152K
  class space    used 2658K, committed 2816K, reserved 1048576K
}
Event: 49.029 GC heap after
{Heap after GC invocations=41 (full 0):
 garbage-first heap   total 491520K, used 316714K [0x00000000c3600000, 0x0000000100000000)
  region size 1024K, 8 young (8192K), 8 survivors (8192K)
 Metaspace       used 23076K, committed 23424K, reserved 1073152K
  class space    used 2658K, committed 2816K, reserved 1048576K
}
Event: 49.123 GC heap before
{Heap before GC invocations=41 (full 0):
 garbage-first heap   total 491520K, used 411946K [0x00000000c3600000, 0x0000000100000000)
  region size 1024K, 101 young (103424K), 8 survivors (8192K)
 Metaspace       used 23076K, committed 23424K, reserved 1073152K
  class space    used 2658K, committed 2816K, reserved 1048576K
}
Event: 49.133 GC heap after
{Heap after GC invocations=42 (full 0):
 garbage-first heap   total 491520K, used 318333K [0x00000000c3600000, 0x0000000100000000)
  region size 1024K, 9 young (9216K), 9 survivors (9216K)
 Metaspace       used 23076K, committed 23424K, reserved 1073152K
  class space    used 2658K, committed 2816K, reserved 1048576K
}
Event: 49.212 GC heap before
{Heap before GC invocations=42 (full 0):
 garbage-first heap   total 491520K, used 415613K [0x00000000c3600000, 0x0000000100000000)
  region size 1024K, 104 young (106496K), 9 survivors (9216K)
 Metaspace       used 23076K, committed 23424K, reserved 1073152K
  class space    used 2658K, committed 2816K, reserved 1048576K
}
Event: 49.226 GC heap after
{Heap after GC invocations=43 (full 0):
 garbage-first heap   total 491520K, used 319528K [0x00000000c3600000, 0x0000000100000000)
  region size 1024K, 9 young (9216K), 9 survivors (9216K)
 Metaspace       used 23076K, committed 23424K, reserved 1073152K
  class space    used 2658K, committed 2816K, reserved 1048576K
}

